<?xml version="1.0" encoding="UTF-8"?>
<!-- Generated by org.testng.reporters.JUnitXMLReporter -->
<testsuite ignored="0" hostname="hari" failures="0" tests="2" name="Default test" time="0.163" errors="0" timestamp="2023-12-23T15:39:46 IST">
  <testcase classname="com.simplylearn.testng.E_Commerce_Stock_Management_App.StockMangementTest" name="testSearchProductExists" time="0.019"/>
  <testcase classname="com.simplylearn.testng.E_Commerce_Stock_Management_App.StockMangementTest" name="testSearchProductNotExists" time="0.002"/>
</testsuite> <!-- Default test -->
