<?xml version="1.0" encoding="UTF-8"?>
<testng-results ignored="0" total="2" passed="2" failed="0" skipped="0">
  <reporter-output>
  </reporter-output>
  <suite started-at="2023-12-23T15:39:46 IST" name="Default suite" finished-at="2023-12-23T15:39:46 IST" duration-ms="163">
    <groups>
    </groups>
    <test started-at="2023-12-23T15:39:46 IST" name="Default test" finished-at="2023-12-23T15:39:46 IST" duration-ms="163">
      <class name="com.simplylearn.testng.E_Commerce_Stock_Management_App.StockMangementTest">
        <test-method is-config="true" signature="setUp()[pri:0, instance:com.simplylearn.testng.E_Commerce_Stock_Management_App.StockMangementTest@729d991e]" started-at="2023-12-23T15:39:46 IST" name="setUp" finished-at="2023-12-23T15:39:46 IST" duration-ms="16" status="PASS">
          <reporter-output>
          </reporter-output>
        </test-method> <!-- setUp -->
        <test-method signature="testSearchProductExists()[pri:0, instance:com.simplylearn.testng.E_Commerce_Stock_Management_App.StockMangementTest@729d991e]" started-at="2023-12-23T15:39:46 IST" name="testSearchProductExists" finished-at="2023-12-23T15:39:46 IST" duration-ms="19" status="PASS">
          <reporter-output>
          </reporter-output>
        </test-method> <!-- testSearchProductExists -->
        <test-method is-config="true" signature="setUp()[pri:0, instance:com.simplylearn.testng.E_Commerce_Stock_Management_App.StockMangementTest@729d991e]" started-at="2023-12-23T15:39:46 IST" name="setUp" finished-at="2023-12-23T15:39:46 IST" duration-ms="1" status="PASS">
          <reporter-output>
          </reporter-output>
        </test-method> <!-- setUp -->
        <test-method signature="testSearchProductNotExists()[pri:0, instance:com.simplylearn.testng.E_Commerce_Stock_Management_App.StockMangementTest@729d991e]" started-at="2023-12-23T15:39:46 IST" name="testSearchProductNotExists" finished-at="2023-12-23T15:39:46 IST" duration-ms="2" status="PASS">
          <reporter-output>
          </reporter-output>
        </test-method> <!-- testSearchProductNotExists -->
      </class> <!-- com.simplylearn.testng.E_Commerce_Stock_Management_App.StockMangementTest -->
    </test> <!-- Default test -->
  </suite> <!-- Default suite -->
</testng-results>
